host: juancarlos-extensa21551g
Building DAG of jobs...
Your conda installation is not configured to use strict channel priorities. This is however important for having robust and correct environments (for details, see https://conda-forge.org/docs/user/tipsandtricks.html). Please consider to configure strict priorities by executing 'conda config --set channel_priority strict'.
Using shell: /home/juancarlos/miniconda3/envs/inventario_especies_gc/bin/bash
Provided cores: 1 (use --cores to define parallelism)
Rules claiming more threads will be scaled down.
Conda environments: ignored
Job stats:
job                count
---------------  -------
barranco_oscuro        1
targets                1
total                  2

Select jobs to execute...
Execute 1 jobs...

[Wed Dec 25 22:19:50 2024]
localrule barranco_oscuro:
    input: metadata/metadatos_espacios.csv, ENP/reserva_natural_integral/C-02_barranco_oscuro, python/enp_analysis.ipynb
    output: html_enp/reserva_natural_integral/C-02_barranco_oscuro.html
    jobid: 2
    reason: Missing output files: html_enp/reserva_natural_integral/C-02_barranco_oscuro.html
    resources: tmpdir=/tmp

[Wed Dec 25 22:19:54 2024]
Finished job 2.
1 of 2 steps (50%) done
Select jobs to execute...
Execute 1 jobs...

[Wed Dec 25 22:19:54 2024]
localrule targets:
    input: html_enp/reserva_natural_integral/C-01_inagua.html, html_enp/reserva_natural_integral/C-02_barranco_oscuro.html, html_enp/reserva_natural_especial/C-03_el_brezal.html, html_enp/monumento_natural/C-14_bandama.html
    jobid: 0
    reason: Input files updated by another job: html_enp/reserva_natural_integral/C-02_barranco_oscuro.html
    resources: tmpdir=/tmp

[Wed Dec 25 22:19:54 2024]
Finished job 0.
2 of 2 steps (100%) done
Complete log: .snakemake/log/2024-12-25T221949.190273.snakemake.log
