host: juancarlos-extensa21551g
Building DAG of jobs...
Your conda installation is not configured to use strict channel priorities. This is however important for having robust and correct environments (for details, see https://conda-forge.org/docs/user/tipsandtricks.html). Please consider to configure strict priorities by executing 'conda config --set channel_priority strict'.
Using shell: /home/juancarlos/miniconda3/envs/inventario_especies_gc/bin/bash
Provided cores: 1 (use --cores to define parallelism)
Rules claiming more threads will be scaled down.
Conda environments: ignored
Job stats:
job            count
-----------  -------
enp_bandama        1
targets            1
total              2

Select jobs to execute...
Execute 1 jobs...

[Wed Dec 25 21:53:57 2024]
localrule enp_bandama:
    input: metadata/metadatos_espacios.csv, ENP/monumento_natural/C-14_bandama, python/enp_analysis.ipynb
    output: html_enp/monumento_natural/C-14_bandama.html
    jobid: 1
    reason: Missing output files: html_enp/monumento_natural/C-14_bandama.html; Code has changed since last execution
    resources: tmpdir=/tmp

[Wed Dec 25 21:54:00 2024]
Finished job 1.
1 of 2 steps (50%) done
Select jobs to execute...
Execute 1 jobs...

[Wed Dec 25 21:54:00 2024]
localrule targets:
    input: html_enp/monumento_natural/C-14_bandama.html
    jobid: 0
    reason: Input files updated by another job: html_enp/monumento_natural/C-14_bandama.html
    resources: tmpdir=/tmp

[Wed Dec 25 21:54:00 2024]
Finished job 0.
2 of 2 steps (100%) done
Complete log: .snakemake/log/2024-12-25T215355.665468.snakemake.log
