host: juancarlos-extensa21551g
Building DAG of jobs...
Using shell: /home/juancarlos/miniconda3/envs/inventario_especies_gc/bin/bash
Provided cores: 1 (use --cores to define parallelism)
Rules claiming more threads will be scaled down.
Conda environments: ignored
Job stats:
job                  count
-----------------  -------
los_tilos_de_moya        1
total                    1

Select jobs to execute...
Execute 1 jobs...

[Wed Dec 25 22:35:24 2024]
localrule los_tilos_de_moya:
    input: metadata/metadatos_espacios.csv, ENP/reserva_natural_especial/C-05_los_tilos_de_moya, python/enp_analysis.ipynb
    output: html_enp/reserva_natural_especial/C-05_los_tilos_de_moya.html
    jobid: 0
    reason: Updated input files: python/enp_analysis.ipynb
    resources: tmpdir=/tmp

Your conda installation is not configured to use strict channel priorities. This is however important for having robust and correct environments (for details, see https://conda-forge.org/docs/user/tipsandtricks.html). Please consider to configure strict priorities by executing 'conda config --set channel_priority strict'.
[Wed Dec 25 22:35:29 2024]
Finished job 0.
1 of 1 steps (100%) done
Complete log: .snakemake/log/2024-12-25T223524.671360.snakemake.log
