host: juancarlos-extensa21551g
Building DAG of jobs...
Your conda installation is not configured to use strict channel priorities. This is however important for having robust and correct environments (for details, see https://conda-forge.org/docs/user/tipsandtricks.html). Please consider to configure strict priorities by executing 'conda config --set channel_priority strict'.
Using shell: /home/juancarlos/miniconda3/envs/inventario_especies_gc/bin/bash
Provided cores: 1 (use --cores to define parallelism)
Rules claiming more threads will be scaled down.
Conda environments: ignored
Job stats:
job                    count
-------------------  -------
fataga                     1
las_cumbres                1
montania_de_aguimes        1
targets                    1
total                      4

Select jobs to execute...
Execute 1 jobs...

[Thu Dec 26 14:33:26 2024]
localrule montania_de_aguimes:
    input: metadata/metadatos_espacios.csv, ENP/paisaje_protegido/C-28_montania_de_aguimes, python/enp_analysis.ipynb
    output: html_enp/paisaje_protegido/C-28_montania_de_aguimes.html
    jobid: 27
    reason: Missing output files: html_enp/paisaje_protegido/C-28_montania_de_aguimes.html
    resources: tmpdir=/tmp

[Thu Dec 26 14:33:30 2024]
Finished job 27.
1 of 4 steps (25%) done
Select jobs to execute...
Execute 1 jobs...

[Thu Dec 26 14:33:30 2024]
localrule las_cumbres:
    input: metadata/metadatos_espacios.csv, ENP/paisaje_protegido/C-25_las_cumbres, python/enp_analysis.ipynb
    output: html_enp/paisaje_protegido/C-25_las_cumbres.html
    jobid: 25
    reason: Missing output files: html_enp/paisaje_protegido/C-25_las_cumbres.html
    resources: tmpdir=/tmp

[Thu Dec 26 14:33:33 2024]
Finished job 25.
2 of 4 steps (50%) done
Select jobs to execute...
Execute 1 jobs...

[Thu Dec 26 14:33:33 2024]
localrule fataga:
    input: metadata/metadatos_espacios.csv, ENP/paisaje_protegido/C-27_fataga, python/enp_analysis.ipynb
    output: html_enp/paisaje_protegido/C-27_fataga.html
    jobid: 26
    reason: Missing output files: html_enp/paisaje_protegido/C-27_fataga.html
    resources: tmpdir=/tmp

[Thu Dec 26 14:33:37 2024]
Finished job 26.
3 of 4 steps (75%) done
Select jobs to execute...
Execute 1 jobs...

[Thu Dec 26 14:33:37 2024]
localrule targets:
    input: html_enp/reserva_natural_integral/C-01_inagua.html, html_enp/reserva_natural_integral/C-02_barranco_oscuro.html, html_enp/reserva_natural_especial/C-03_el_brezal.html, html_enp/reserva_natural_especial/C-04_azuaje.html, html_enp/reserva_natural_especial/C-05_los_tilos_de_moya.html, html_enp/reserva_natural_especial/C-06_los_marteles.html, html_enp/reserva_natural_especial/C-07_las_dunas_de_maspalomas.html, html_enp/reserva_natural_especial/C-08_gui_gui.html, html_enp/parque_natural/C-09_tamadaba.html, html_enp/parque_natural/C-10_pilancones.html, html_enp/parque_rural/C-11_nublo.html, html_enp/parque_rural/C-12_doramas.html, html_enp/monumento_natural/C-13_amagro.html, html_enp/monumento_natural/C-14_bandama.html, html_enp/monumento_natural/C-15_montanion_negro.html, html_enp/monumento_natural/C-16_roque_aguayro.html, html_enp/monumento_natural/C-17_tauro.html, html_enp/monumento_natural/C-18_arinaga.html, html_enp/monumento_natural/C-19_barranco_guayadeque.html, html_enp/monumento_natural/C-20_riscos_tirajana.html, html_enp/monumento_natural/C-21_roque_nublo.html, html_enp/paisaje_protegido/C-22_la_isleta.html, html_enp/paisaje_protegido/C-23_pino_santo.html, html_enp/paisaje_protegido/C-24_tafira.html, html_enp/paisaje_protegido/C-25_las_cumbres.html, html_enp/paisaje_protegido/C-27_fataga.html, html_enp/paisaje_protegido/C-28_montania_de_aguimes.html
    jobid: 0
    reason: Input files updated by another job: html_enp/paisaje_protegido/C-28_montania_de_aguimes.html, html_enp/paisaje_protegido/C-27_fataga.html, html_enp/paisaje_protegido/C-25_las_cumbres.html
    resources: tmpdir=/tmp

[Thu Dec 26 14:33:37 2024]
Finished job 0.
4 of 4 steps (100%) done
Complete log: .snakemake/log/2024-12-26T143325.077837.snakemake.log
