host: juancarlos-extensa21551g
Building DAG of jobs...
Your conda installation is not configured to use strict channel priorities. This is however important for having robust and correct environments (for details, see https://conda-forge.org/docs/user/tipsandtricks.html). Please consider to configure strict priorities by executing 'conda config --set channel_priority strict'.
Using shell: /home/juancarlos/miniconda3/envs/inventario_especies_gc/bin/bash
Provided cores: 1 (use --cores to define parallelism)
Rules claiming more threads will be scaled down.
Conda environments: ignored
Job stats:
job          count
---------  -------
el_brezal        1
targets          1
total            2

Select jobs to execute...
Execute 1 jobs...

[Wed Dec 25 22:09:53 2024]
localrule el_brezal:
    input: metadata/metadatos_espacios.csv, ENP/reserva_natural_especial/C-03_el_brezal, python/enp_analysis.ipynb
    output: html_enp/reserva_natural_especial/C-03_el_brezal.html
    jobid: 2
    reason: Missing output files: html_enp/reserva_natural_especial/C-03_el_brezal.html
    resources: tmpdir=/tmp

[Wed Dec 25 22:09:57 2024]
Error in rule el_brezal:
    jobid: 2
    input: metadata/metadatos_espacios.csv, ENP/reserva_natural_especial/C-03_el_brezal, python/enp_analysis.ipynb
    output: html_enp/reserva_natural_especial/C-03_el_brezal.html
    conda-env: /home/juancarlos/Documents/inventario_especies_enp/.snakemake/conda/d72b7e9852b501d84c0a77cdac50aa90_
    shell:
        
        MY_VARIABLE=2 jupyter nbconvert             --to html             --execute             --no-input             python/enp_analysis.ipynb
        mv python/enp_analysis.html html_enp/reserva_natural_especial/C-03_el_brezal.html
        
        (one of the commands exited with non-zero exit code; note that snakemake uses bash strict mode!)

Shutting down, this might take some time.
Exiting because a job execution failed. Look above for error message
Complete log: .snakemake/log/2024-12-25T220952.321128.snakemake.log
WorkflowError:
At least one job did not complete successfully.
