host: juancarlos-extensa21551g
Building DAG of jobs...
Your conda installation is not configured to use strict channel priorities. This is however important for having robust and correct environments (for details, see https://conda-forge.org/docs/user/tipsandtricks.html). Please consider to configure strict priorities by executing 'conda config --set channel_priority strict'.
Using shell: /home/juancarlos/miniconda3/envs/inventario_especies_gc/bin/bash
Provided cores: 1 (use --cores to define parallelism)
Rules claiming more threads will be scaled down.
Conda environments: ignored
Job stats:
job         count
--------  -------
gui_gui         1
tamadaba        1
targets         1
total           3

Select jobs to execute...
Execute 1 jobs...

[Thu Dec 26 13:50:54 2024]
localrule gui_gui:
    input: metadata/metadatos_espacios.csv, ENP/reserva_natural_especial/C-08_gui_gui, python/enp_analysis.ipynb
    output: html_enp/reserva_natural_especial/C-08_gui_gui.html
    jobid: 9
    reason: Params have changed since last execution: Union of exclusive params before and now across all output: before: 13 now: 7 
    resources: tmpdir=/tmp

[Thu Dec 26 13:50:57 2024]
Finished job 9.
1 of 3 steps (33%) done
Select jobs to execute...
Execute 1 jobs...

[Thu Dec 26 13:50:57 2024]
localrule tamadaba:
    input: metadata/metadatos_espacios.csv, ENP/parque_natural/C-09_tamadaba, python/enp_analysis.ipynb
    output: html_enp/parque_natural/C-09_tamadaba.html
    jobid: 10
    reason: Missing output files: html_enp/parque_natural/C-09_tamadaba.html
    resources: tmpdir=/tmp

[Thu Dec 26 13:51:01 2024]
Finished job 10.
2 of 3 steps (67%) done
Select jobs to execute...
Execute 1 jobs...

[Thu Dec 26 13:51:01 2024]
localrule targets:
    input: html_enp/reserva_natural_integral/C-01_inagua.html, html_enp/reserva_natural_integral/C-02_barranco_oscuro.html, html_enp/reserva_natural_especial/C-03_el_brezal.html, html_enp/monumento_natural/C-14_bandama.html, html_enp/reserva_natural_especial/C-04_azuaje.html, html_enp/reserva_natural_especial/C-05_los_tilos_de_moya.html, html_enp/reserva_natural_especial/C-06_los_marteles.html, html_enp/reserva_natural_especial/C-07_las_dunas_de_maspalomas.html, html_enp/reserva_natural_especial/C-08_gui_gui.html, html_enp/parque_natural/C-09_tamadaba.html
    jobid: 0
    reason: Input files updated by another job: html_enp/parque_natural/C-09_tamadaba.html, html_enp/reserva_natural_especial/C-08_gui_gui.html
    resources: tmpdir=/tmp

[Thu Dec 26 13:51:01 2024]
Finished job 0.
3 of 3 steps (100%) done
Complete log: .snakemake/log/2024-12-26T135052.945055.snakemake.log
