host: juancarlos-extensa21551g
Building DAG of jobs...
Your conda installation is not configured to use strict channel priorities. This is however important for having robust and correct environments (for details, see https://conda-forge.org/docs/user/tipsandtricks.html). Please consider to configure strict priorities by executing 'conda config --set channel_priority strict'.
Using shell: /home/juancarlos/miniconda3/envs/inventario_especies_gc/bin/bash
Provided cores: 1 (use --cores to define parallelism)
Rules claiming more threads will be scaled down.
Conda environments: ignored
Job stats:
job            count
-----------  -------
doramas            1
la_isleta          1
pino_santo         1
roque_nublo        1
tafira             1
targets            1
total              6

Select jobs to execute...
Execute 1 jobs...

[Thu Dec 26 14:24:15 2024]
localrule roque_nublo:
    input: metadata/metadatos_espacios.csv, ENP/monumento_natural/C-21_roque_nublo, python/enp_analysis.ipynb
    output: html_enp/monumento_natural/C-21_roque_nublo.html
    jobid: 21
    reason: Params have changed since last execution: Union of exclusive params before and now across all output: before: 19 now: 20 
    resources: tmpdir=/tmp

[Thu Dec 26 14:24:19 2024]
Finished job 21.
1 of 6 steps (17%) done
Select jobs to execute...
Execute 1 jobs...

[Thu Dec 26 14:24:19 2024]
localrule tafira:
    input: metadata/metadatos_espacios.csv, ENP/paisaje_protegido/C-24_tafira, python/enp_analysis.ipynb
    output: html_enp/paisaje_protegido/C-24_tafira.html
    jobid: 24
    reason: Missing output files: html_enp/paisaje_protegido/C-24_tafira.html
    resources: tmpdir=/tmp

[Thu Dec 26 14:24:22 2024]
Finished job 24.
2 of 6 steps (33%) done
Select jobs to execute...
Execute 1 jobs...

[Thu Dec 26 14:24:22 2024]
localrule pino_santo:
    input: metadata/metadatos_espacios.csv, ENP/paisaje_protegido/C-23_pino_santo, python/enp_analysis.ipynb
    output: html_enp/paisaje_protegido/C-23_pino_santo.html
    jobid: 23
    reason: Missing output files: html_enp/paisaje_protegido/C-23_pino_santo.html
    resources: tmpdir=/tmp

[Thu Dec 26 14:24:26 2024]
Finished job 23.
3 of 6 steps (50%) done
Select jobs to execute...
Execute 1 jobs...

[Thu Dec 26 14:24:26 2024]
localrule doramas:
    input: metadata/metadatos_espacios.csv, ENP/parque_rural/C-12_doramas, python/enp_analysis.ipynb
    output: html_enp/parque_rural/C-12_doramas.html
    jobid: 12
    reason: Params have changed since last execution: Union of exclusive params before and now across all output: before: 13 now: 11 
    resources: tmpdir=/tmp

[Thu Dec 26 14:24:29 2024]
Finished job 12.
4 of 6 steps (67%) done
Select jobs to execute...
Execute 1 jobs...

[Thu Dec 26 14:24:29 2024]
localrule la_isleta:
    input: metadata/metadatos_espacios.csv, ENP/paisaje_protegido/C-22_la_isleta, python/enp_analysis.ipynb
    output: html_enp/paisaje_protegido/C-22_la_isleta.html
    jobid: 22
    reason: Missing output files: html_enp/paisaje_protegido/C-22_la_isleta.html
    resources: tmpdir=/tmp

[Thu Dec 26 14:24:33 2024]
Finished job 22.
5 of 6 steps (83%) done
Select jobs to execute...
Execute 1 jobs...

[Thu Dec 26 14:24:33 2024]
localrule targets:
    input: html_enp/reserva_natural_integral/C-01_inagua.html, html_enp/reserva_natural_integral/C-02_barranco_oscuro.html, html_enp/reserva_natural_especial/C-03_el_brezal.html, html_enp/reserva_natural_especial/C-04_azuaje.html, html_enp/reserva_natural_especial/C-05_los_tilos_de_moya.html, html_enp/reserva_natural_especial/C-06_los_marteles.html, html_enp/reserva_natural_especial/C-07_las_dunas_de_maspalomas.html, html_enp/reserva_natural_especial/C-08_gui_gui.html, html_enp/parque_natural/C-09_tamadaba.html, html_enp/parque_natural/C-10_pilancones.html, html_enp/parque_rural/C-11_nublo.html, html_enp/parque_rural/C-12_doramas.html, html_enp/monumento_natural/C-13_amagro.html, html_enp/monumento_natural/C-14_bandama.html, html_enp/monumento_natural/C-15_montanion_negro.html, html_enp/monumento_natural/C-16_roque_aguayro.html, html_enp/monumento_natural/C-17_tauro.html, html_enp/monumento_natural/C-18_arinaga.html, html_enp/monumento_natural/C-19_barranco_guayadeque.html, html_enp/monumento_natural/C-20_riscos_tirajana.html, html_enp/monumento_natural/C-21_roque_nublo.html, html_enp/paisaje_protegido/C-22_la_isleta.html, html_enp/paisaje_protegido/C-23_pino_santo.html, html_enp/paisaje_protegido/C-24_tafira.html
    jobid: 0
    reason: Input files updated by another job: html_enp/parque_rural/C-12_doramas.html, html_enp/paisaje_protegido/C-24_tafira.html, html_enp/monumento_natural/C-21_roque_nublo.html, html_enp/paisaje_protegido/C-22_la_isleta.html, html_enp/paisaje_protegido/C-23_pino_santo.html
    resources: tmpdir=/tmp

[Thu Dec 26 14:24:33 2024]
Finished job 0.
6 of 6 steps (100%) done
Complete log: .snakemake/log/2024-12-26T142414.382732.snakemake.log
