host: juancarlos-extensa21551g
Building DAG of jobs...
Your conda installation is not configured to use strict channel priorities. This is however important for having robust and correct environments (for details, see https://conda-forge.org/docs/user/tipsandtricks.html). Please consider to configure strict priorities by executing 'conda config --set channel_priority strict'.
Using shell: /home/juancarlos/miniconda3/envs/inventario_especies_gc/bin/bash
Provided cores: 1 (use --cores to define parallelism)
Rules claiming more threads will be scaled down.
Conda environments: ignored
Job stats:
job        count
-------  -------
inagua         1
targets        1
total          2

Select jobs to execute...
Execute 1 jobs...

[Wed Dec 25 21:59:55 2024]
localrule inagua:
    input: metadata/metadatos_espacios.csv, ENP/reserva_natural_integral/C-01_inagua, python/enp_analysis.ipynb
    output: html_enp/monumento_natural/C-01_inagua.html
    jobid: 1
    reason: Missing output files: html_enp/monumento_natural/C-01_inagua.html
    resources: tmpdir=/tmp

[Wed Dec 25 21:59:59 2024]
Finished job 1.
1 of 2 steps (50%) done
Select jobs to execute...
Execute 1 jobs...

[Wed Dec 25 21:59:59 2024]
localrule targets:
    input: html_enp/monumento_natural/C-01_inagua.html, html_enp/monumento_natural/C-14_bandama.html
    jobid: 0
    reason: Input files updated by another job: html_enp/monumento_natural/C-01_inagua.html
    resources: tmpdir=/tmp

[Wed Dec 25 21:59:59 2024]
Finished job 0.
2 of 2 steps (100%) done
Complete log: .snakemake/log/2024-12-25T215954.328344.snakemake.log
