host: juancarlos-extensa21551g
Building DAG of jobs...
Your conda installation is not configured to use strict channel priorities. This is however important for having robust and correct environments (for details, see https://conda-forge.org/docs/user/tipsandtricks.html). Please consider to configure strict priorities by executing 'conda config --set channel_priority strict'.
Using shell: /home/juancarlos/miniconda3/envs/inventario_especies_gc/bin/bash
Provided cores: 8
Rules claiming more threads will be scaled down.
Conda environments: ignored
Job stats:
job             count
------------  -------
los_marteles        1
targets             1
total               2

Select jobs to execute...
Execute 1 jobs...

[Wed Dec 25 22:39:19 2024]
localrule los_marteles:
    input: metadata/metadatos_espacios.csv, ENP/reserva_natural_especial/C-06_los_marteles, python/enp_analysis.ipynb
    output: html_enp/reserva_natural_especial/C-06_los_marteles.html
    jobid: 7
    reason: Missing output files: html_enp/reserva_natural_especial/C-06_los_marteles.html
    resources: tmpdir=/tmp

[Wed Dec 25 22:39:23 2024]
Finished job 7.
1 of 2 steps (50%) done
Select jobs to execute...
Execute 1 jobs...

[Wed Dec 25 22:39:23 2024]
localrule targets:
    input: html_enp/reserva_natural_integral/C-01_inagua.html, html_enp/reserva_natural_integral/C-02_barranco_oscuro.html, html_enp/reserva_natural_especial/C-03_el_brezal.html, html_enp/monumento_natural/C-14_bandama.html, html_enp/reserva_natural_especial/C-04_azuaje.html, html_enp/reserva_natural_especial/C-05_los_tilos_de_moya.html, html_enp/reserva_natural_especial/C-06_los_marteles.html
    jobid: 0
    reason: Input files updated by another job: html_enp/reserva_natural_especial/C-06_los_marteles.html
    resources: tmpdir=/tmp

[Wed Dec 25 22:39:23 2024]
Finished job 0.
2 of 2 steps (100%) done
Complete log: .snakemake/log/2024-12-25T223918.462788.snakemake.log
