host: juancarlos-extensa21551g
Building DAG of jobs...
Your conda installation is not configured to use strict channel priorities. This is however important for having robust and correct environments (for details, see https://conda-forge.org/docs/user/tipsandtricks.html). Please consider to configure strict priorities by executing 'conda config --set channel_priority strict'.
Using shell: /home/juancarlos/miniconda3/envs/inventario_especies_gc/bin/bash
Provided cores: 1 (use --cores to define parallelism)
Rules claiming more threads will be scaled down.
Conda environments: ignored
Job stats:
job                        count
-----------------------  -------
azuaje                         1
bandama                        1
barranco_oscuro                1
el_brezal                      1
gui_gui                        1
inagua                         1
las_dunas_de_maspalomas        1
los_marteles                   1
los_tilos_de_moya              1
targets                        1
total                         10

Select jobs to execute...
Execute 1 jobs...

[Thu Dec 26 13:45:31 2024]
localrule los_marteles:
    input: metadata/metadatos_espacios.csv, ENP/reserva_natural_especial/C-06_los_marteles, python/enp_analysis.ipynb
    output: html_enp/reserva_natural_especial/C-06_los_marteles.html
    jobid: 7
    reason: Software environment definition has changed since last execution
    resources: tmpdir=/tmp

[Thu Dec 26 13:45:35 2024]
Finished job 7.
1 of 10 steps (10%) done
Select jobs to execute...
Execute 1 jobs...

[Thu Dec 26 13:45:35 2024]
localrule barranco_oscuro:
    input: metadata/metadatos_espacios.csv, ENP/reserva_natural_integral/C-02_barranco_oscuro, python/enp_analysis.ipynb
    output: html_enp/reserva_natural_integral/C-02_barranco_oscuro.html
    jobid: 2
    reason: Software environment definition has changed since last execution
    resources: tmpdir=/tmp

[Thu Dec 26 13:45:38 2024]
Finished job 2.
2 of 10 steps (20%) done
Select jobs to execute...
Execute 1 jobs...

[Thu Dec 26 13:45:38 2024]
localrule el_brezal:
    input: metadata/metadatos_espacios.csv, ENP/reserva_natural_especial/C-03_el_brezal, python/enp_analysis.ipynb
    output: html_enp/reserva_natural_especial/C-03_el_brezal.html
    jobid: 3
    reason: Software environment definition has changed since last execution
    resources: tmpdir=/tmp

[Thu Dec 26 13:45:42 2024]
Finished job 3.
3 of 10 steps (30%) done
Select jobs to execute...
Execute 1 jobs...

[Thu Dec 26 13:45:42 2024]
localrule las_dunas_de_maspalomas:
    input: metadata/metadatos_espacios.csv, ENP/reserva_natural_especial/C-07_las_dunas_de_maspalomas, python/enp_analysis.ipynb
    output: html_enp/reserva_natural_especial/C-07_las_dunas_de_maspalomas.html
    jobid: 8
    reason: Missing output files: html_enp/reserva_natural_especial/C-07_las_dunas_de_maspalomas.html
    resources: tmpdir=/tmp

[Thu Dec 26 13:45:45 2024]
Finished job 8.
4 of 10 steps (40%) done
Select jobs to execute...
Execute 1 jobs...

[Thu Dec 26 13:45:45 2024]
localrule bandama:
    input: metadata/metadatos_espacios.csv, ENP/monumento_natural/C-14_bandama, python/enp_analysis.ipynb
    output: html_enp/monumento_natural/C-14_bandama.html
    jobid: 4
    reason: Software environment definition has changed since last execution
    resources: tmpdir=/tmp

[Thu Dec 26 13:45:49 2024]
Finished job 4.
5 of 10 steps (50%) done
Select jobs to execute...
Execute 1 jobs...

[Thu Dec 26 13:45:49 2024]
localrule los_tilos_de_moya:
    input: metadata/metadatos_espacios.csv, ENP/reserva_natural_especial/C-05_los_tilos_de_moya, python/enp_analysis.ipynb
    output: html_enp/reserva_natural_especial/C-05_los_tilos_de_moya.html
    jobid: 6
    reason: Software environment definition has changed since last execution
    resources: tmpdir=/tmp

[Thu Dec 26 13:45:53 2024]
Finished job 6.
6 of 10 steps (60%) done
Select jobs to execute...
Execute 1 jobs...

[Thu Dec 26 13:45:53 2024]
localrule inagua:
    input: metadata/metadatos_espacios.csv, ENP/reserva_natural_integral/C-01_inagua, python/enp_analysis.ipynb
    output: html_enp/reserva_natural_integral/C-01_inagua.html
    jobid: 1
    reason: Software environment definition has changed since last execution
    resources: tmpdir=/tmp

[Thu Dec 26 13:45:56 2024]
Finished job 1.
7 of 10 steps (70%) done
Select jobs to execute...
Execute 1 jobs...

[Thu Dec 26 13:45:56 2024]
localrule gui_gui:
    input: metadata/metadatos_espacios.csv, ENP/reserva_natural_especial/C-08_gui_gui, python/enp_analysis.ipynb
    output: html_enp/reserva_natural_especial/C-08_gui_gui.html
    jobid: 9
    reason: Missing output files: html_enp/reserva_natural_especial/C-08_gui_gui.html
    resources: tmpdir=/tmp

[Thu Dec 26 13:46:00 2024]
Finished job 9.
8 of 10 steps (80%) done
Select jobs to execute...
Execute 1 jobs...

[Thu Dec 26 13:46:00 2024]
localrule azuaje:
    input: metadata/metadatos_espacios.csv, ENP/reserva_natural_especial/C-04_azuaje, python/enp_analysis.ipynb
    output: html_enp/reserva_natural_especial/C-04_azuaje.html
    jobid: 5
    reason: Software environment definition has changed since last execution
    resources: tmpdir=/tmp

[Thu Dec 26 13:46:03 2024]
Finished job 5.
9 of 10 steps (90%) done
Select jobs to execute...
Execute 1 jobs...

[Thu Dec 26 13:46:03 2024]
localrule targets:
    input: html_enp/reserva_natural_integral/C-01_inagua.html, html_enp/reserva_natural_integral/C-02_barranco_oscuro.html, html_enp/reserva_natural_especial/C-03_el_brezal.html, html_enp/monumento_natural/C-14_bandama.html, html_enp/reserva_natural_especial/C-04_azuaje.html, html_enp/reserva_natural_especial/C-05_los_tilos_de_moya.html, html_enp/reserva_natural_especial/C-06_los_marteles.html, html_enp/reserva_natural_especial/C-07_las_dunas_de_maspalomas.html, html_enp/reserva_natural_especial/C-08_gui_gui.html
    jobid: 0
    reason: Input files updated by another job: html_enp/reserva_natural_especial/C-04_azuaje.html, html_enp/reserva_natural_integral/C-02_barranco_oscuro.html, html_enp/reserva_natural_especial/C-08_gui_gui.html, html_enp/reserva_natural_especial/C-06_los_marteles.html, html_enp/monumento_natural/C-14_bandama.html, html_enp/reserva_natural_integral/C-01_inagua.html, html_enp/reserva_natural_especial/C-07_las_dunas_de_maspalomas.html, html_enp/reserva_natural_especial/C-03_el_brezal.html, html_enp/reserva_natural_especial/C-05_los_tilos_de_moya.html
    resources: tmpdir=/tmp

[Thu Dec 26 13:46:03 2024]
Finished job 0.
10 of 10 steps (100%) done
Complete log: .snakemake/log/2024-12-26T134530.075368.snakemake.log
